building the system configuration...
evaluation warning: The option `services.xserver.desktopManager.gnome.enable' defined in `/etc/nixos/configuration.nix' has been renamed to `services.desktopManager.gnome.enable'.
evaluation warning: The option `services.xserver.xkbVariant' defined in `/etc/nixos/configuration.nix' has been renamed to `services.xserver.xkb.variant'.
evaluation warning: The option `services.xserver.layout' defined in `/etc/nixos/configuration.nix' has been renamed to `services.xserver.xkb.layout'.
evaluation warning: The option `services.xserver.displayManager.gdm.autoSuspend' defined in `/etc/nixos/configuration.nix' has been renamed to `services.displayManager.gdm.autoSuspend'.
evaluation warning: The option `services.xserver.displayManager.gdm.enable' defined in `/etc/nixos/configuration.nix' has been renamed to `services.displayManager.gdm.enable'.
these 16 derivations will be built:
  /nix/store/acd4l69akqfcz9kp4wph0dcglnvfs4i3-system-path.drv
  /nix/store/697pp9jijn7xxpif17j93zdcc72nbr3l-set-environment.drv
  /nix/store/wismdd9237ja64wqrjlc1gvhwvhf35xb-X-Restart-Triggers-polkit.drv
  /nix/store/493wrhx2gys2zg2s714dm90b5kb53j0x-unit-polkit.service.drv
  /nix/store/fcgq0r8j4w6pphfnc02sfgfjd55fkczz-dbus-1.drv
  /nix/store/ihcplnnqgmhqp0gqfg8mywdcb94v7704-X-Restart-Triggers-dbus.drv
  /nix/store/qwmdv1j99bs9afx4r7mvnj1bxa9cd7h2-unit-dbus.service.drv
  /nix/store/wh12c41532psvbsvnzrjjb9w30whdlfd-unit-accounts-daemon.service.drv
  /nix/store/7bhbm1hm7cjfrxdjk3msjyvi30qr1nz9-system-units.drv
  /nix/store/78z4wz8jw2nfb925vp0snipmx6s31zss-unit-dbus.service.drv
  /nix/store/7fki736z2z8dp81z5k4rfyjx1q1viwj0-user-units.drv
  /nix/store/n3dh7gsrn0phg76z38d90drcjvxb8gqc-etc-profile.drv
  /nix/store/ngk47qbpcfp6zp93zikdwx79pygdp773-etc-pam-environment.drv
  /nix/store/glv2wd0kc2jp5zxmafsiy28xg03vplnr-etc.drv
  /nix/store/41irvnn6ajvrmcf9bxy3kqqmafc16d6y-activate.drv
  /nix/store/bq4dl4sq4m3gr49lq4ipjlaq88bgm4jz-nixos-system-laptop-26.05pre967235.6c9a78c09ff4.drv
these 3 paths will be fetched (0.31 MiB download, 0.92 MiB unpacked):
  /nix/store/b34c8zh8zjaaancqnra7n2ds46g3dh1l-gnupg-2.4.9-doc
  /nix/store/gv5rdjg6ajfdf8y6ffc5j6lqpxmk811z-gnupg-2.4.9-info
  /nix/store/ml9rcdyzh2ys3wndjrc8ykf7l5qph94a-gnupg-2.4.9-man
copying path '/nix/store/b34c8zh8zjaaancqnra7n2ds46g3dh1l-gnupg-2.4.9-doc' from 'https://cache.nixos.org'...
copying path '/nix/store/ml9rcdyzh2ys3wndjrc8ykf7l5qph94a-gnupg-2.4.9-man' from 'https://cache.nixos.org'...
copying path '/nix/store/gv5rdjg6ajfdf8y6ffc5j6lqpxmk811z-gnupg-2.4.9-info' from 'https://cache.nixos.org'...
building '/nix/store/acd4l69akqfcz9kp4wph0dcglnvfs4i3-system-path.drv'...
created 16220 symlinks in user environment
gtk-update-icon-cache: Cache file created successfully.
gtk-update-icon-cache: Cache file created successfully.
building '/nix/store/wismdd9237ja64wqrjlc1gvhwvhf35xb-X-Restart-Triggers-polkit.drv'...
building '/nix/store/fcgq0r8j4w6pphfnc02sfgfjd55fkczz-dbus-1.drv'...
building '/nix/store/ngk47qbpcfp6zp93zikdwx79pygdp773-etc-pam-environment.drv'...
building '/nix/store/697pp9jijn7xxpif17j93zdcc72nbr3l-set-environment.drv'...
building '/nix/store/wh12c41532psvbsvnzrjjb9w30whdlfd-unit-accounts-daemon.service.drv'...
building '/nix/store/ihcplnnqgmhqp0gqfg8mywdcb94v7704-X-Restart-Triggers-dbus.drv'...
building '/nix/store/n3dh7gsrn0phg76z38d90drcjvxb8gqc-etc-profile.drv'...
building '/nix/store/493wrhx2gys2zg2s714dm90b5kb53j0x-unit-polkit.service.drv'...
building '/nix/store/78z4wz8jw2nfb925vp0snipmx6s31zss-unit-dbus.service.drv'...
building '/nix/store/qwmdv1j99bs9afx4r7mvnj1bxa9cd7h2-unit-dbus.service.drv'...
building '/nix/store/7fki736z2z8dp81z5k4rfyjx1q1viwj0-user-units.drv'...
building '/nix/store/7bhbm1hm7cjfrxdjk3msjyvi30qr1nz9-system-units.drv'...
building '/nix/store/glv2wd0kc2jp5zxmafsiy28xg03vplnr-etc.drv'...
building '/nix/store/41irvnn6ajvrmcf9bxy3kqqmafc16d6y-activate.drv'...
building '/nix/store/bq4dl4sq4m3gr49lq4ipjlaq88bgm4jz-nixos-system-laptop-26.05pre967235.6c9a78c09ff4.drv'...
Checking switch inhibitors... done
stopping the following units: accounts-daemon.service
activating the configuration...
setting up /etc...
reloading user units for felix...
restarting sysinit-reactivation.target
reloading the following units: dbus.service
restarting the following units: polkit.service
starting the following units: accounts-daemon.service
the following new units were started: NetworkManager-dispatcher.service, strongswan.service
Done. The new configuration is /nix/store/w4bnzc3g2h50qlfwd54vk1hdb74692cm-nixos-system-laptop-26.05pre967235.6c9a78c09ff4
